Tue Jun 30 13:34:23 CDT 2015: Starting BLAT ...
Loaded 677 letters in 1 sequences
Searched 626 bases in 1 sequences
Loaded 626 letters in 1 sequences
Searched 677 bases in 1 sequences
Tue Jun 30 13:34:23 CDT 2015: Starting RSEM ...
rsem-synthesis-reference-transcripts ./refEvalPEOut/rsem/toy_assembly_1_ref 0 0 assemblies/toy_assembly_1.fa
Transcript Information File is generated!
Group File is generated!
Extracted Sequences File is generated!

rsem-preref ./refEvalPEOut/rsem/toy_assembly_1_ref.transcripts.fa 1 ./refEvalPEOut/rsem/toy_assembly_1_ref -l 125
Refs.makeRefs finished!
Refs.saveRefs finished!
./refEvalPEOut/rsem/toy_assembly_1_ref.idx.fa is generated!
./refEvalPEOut/rsem/toy_assembly_1_ref.n2g.idx.fa is generated!

rsem-synthesis-reference-transcripts ./refEvalPEOut/rsem/toy_ref_ref 0 0 reference/toy_ref.fa
Transcript Information File is generated!
Group File is generated!
Extracted Sequences File is generated!

rsem-preref ./refEvalPEOut/rsem/toy_ref_ref.transcripts.fa 1 ./refEvalPEOut/rsem/toy_ref_ref -l 125
Refs.makeRefs finished!
Refs.saveRefs finished!
./refEvalPEOut/rsem/toy_ref_ref.idx.fa is generated!
./refEvalPEOut/rsem/toy_ref_ref.n2g.idx.fa is generated!

bowtie -q --phred33-quals -n 2 -e 99999999 -l 25 -p 1 -a -m 200 -S ./refEvalPEOut/rsem/toy_assembly_1_ref reads/toy_SE.fq | samtools view -S -b -o ./refEvalPEOut/rsem/toy_assembly_1_expr.temp/toy_assembly_1_expr.bam -
Could not locate a Bowtie index corresponding to basename "./refEvalPEOut/rsem/toy_assembly_1_ref"
Command: bowtie --wrapper basic-0 -q --phred33-quals -n 2 -e 99999999 -l 25 -p 1 -a -m 200 -S ./refEvalPEOut/rsem/toy_assembly_1_ref reads/toy_SE.fq 
[samopen] no @SQ lines in the header.
[sam_read1] missing header? Abort!
"bowtie -q --phred33-quals -n 2 -e 99999999 -l 25 -p 1 -a -m 200 -S ./refEvalPEOut/rsem/toy_assembly_1_ref reads/toy_SE.fq | samtools view -S -b -o ./refEvalPEOut/rsem/toy_assembly_1_expr.temp/toy_assembly_1_expr.bam -" failed! Plase check if you provide correct parameters/options for the pipeline!
bowtie -q --phred33-quals -n 2 -e 99999999 -l 25 -p 1 -a -m 200 -S ./refEvalPEOut/rsem/toy_ref_ref reads/toy_SE.fq | samtools view -S -b -o ./refEvalPEOut/rsem/toy_ref_expr.temp/toy_ref_expr.bam -
Could not locate a Bowtie index corresponding to basename "./refEvalPEOut/rsem/toy_ref_ref"
Command: bowtie --wrapper basic-0 -q --phred33-quals -n 2 -e 99999999 -l 25 -p 1 -a -m 200 -S ./refEvalPEOut/rsem/toy_ref_ref reads/toy_SE.fq 
[samopen] no @SQ lines in the header.
[sam_read1] missing header? Abort!
"bowtie -q --phred33-quals -n 2 -e 99999999 -l 25 -p 1 -a -m 200 -S ./refEvalPEOut/rsem/toy_ref_ref reads/toy_SE.fq | samtools view -S -b -o ./refEvalPEOut/rsem/toy_ref_expr.temp/toy_ref_expr.bam -" failed! Plase check if you provide correct parameters/options for the pipeline!
