Tue Jun 30 15:37:32 CDT 2015: Starting...
Processing total of 6 reads
Tue Jun 30 15:37:32 CDT 2015: Poly dA/dT trimming...
50% of original reads left after trimming
Tue Jun 30 15:37:32 CDT 2015: chrM filtering...
33% of original reads left after chrM filtering
Tue Jun 30 15:37:32 CDT 2015: rRNA filtering...
16% of original reads left after rRNA filtering
Tue Jun 30 15:37:32 CDT 2015: Done, 1 reads passed all the filters.
Tue Jul  7 10:49:44 CDT 2015: Starting...
Processing total of 6 reads
Tue Jul  7 10:49:44 CDT 2015: Poly dA/dT trimming...
50% of original reads left after trimming
Tue Jul  7 10:49:44 CDT 2015: chrM filtering...
33% of original reads left after chrM filtering
Tue Jul  7 10:49:44 CDT 2015: rRNA filtering...
Tue Jul  7 10:49:56 CDT 2015: Starting...
Processing total of 6 reads
Tue Jul  7 10:49:56 CDT 2015: Poly dA/dT trimming...
50% of original reads left after trimming
Tue Jul  7 10:49:56 CDT 2015: chrM filtering...
33% of original reads left after chrM filtering
Tue Jul  7 10:49:56 CDT 2015: rRNA filtering...
16% of original reads left after rRNA filtering
Tue Jul  7 10:49:56 CDT 2015: Done, 1 reads passed all the filters.
Mon Jul 20 11:43:52 CDT 2015: Starting...
Processing total of 6 reads
Mon Jul 20 11:43:52 CDT 2015: Poly dA/dT trimming...
50% of original reads left after trimming
Mon Jul 20 11:43:53 CDT 2015: chrM filtering...
33% of original reads left after chrM filtering
Mon Jul 20 11:43:53 CDT 2015: rRNA filtering...
Mon Jul 20 11:44:03 CDT 2015: Starting...
Processing total of 6 reads
Mon Jul 20 11:44:03 CDT 2015: Poly dA/dT trimming...
50% of original reads left after trimming
Mon Jul 20 11:44:03 CDT 2015: chrM filtering...
33% of original reads left after chrM filtering
Mon Jul 20 11:44:03 CDT 2015: rRNA filtering...
16% of original reads left after rRNA filtering
Mon Jul 20 11:44:03 CDT 2015: Done, 1 reads passed all the filters.
Mon Jul 20 16:47:25 CDT 2015: Starting...
Processing total of 6 reads
Mon Jul 20 16:47:25 CDT 2015: Poly dA/dT trimming...
50% of original reads left after trimming
Mon Jul 20 16:47:25 CDT 2015: chrM filtering...
33% of original reads left after chrM filtering
Mon Jul 20 16:47:25 CDT 2015: rRNA filtering...
Mon Jul 20 16:48:09 CDT 2015: Starting...
Processing total of 6 reads
Mon Jul 20 16:48:09 CDT 2015: Poly dA/dT trimming...
50% of original reads left after trimming
Mon Jul 20 16:48:09 CDT 2015: chrM filtering...
33% of original reads left after chrM filtering
Mon Jul 20 16:48:09 CDT 2015: rRNA filtering...
16% of original reads left after rRNA filtering
Mon Jul 20 16:48:09 CDT 2015: Done, 1 reads passed all the filters.
