rsem-synthesis-reference-transcripts /Users/jordi/code/linux/bin/rnaSeq/src/rsemEvalPE/main/rsemEvalPEOut/trinityOut1.temp/trinityOut1 0 0 0 /Users/jordi/code/linux/bin/rnaSeq/src/rsemEvalPE/main/assembly/trinityOut1.fasta
Transcript Information File is generated!
Group File is generated!
Extracted Sequences File is generated!

rsem-preref /Users/jordi/code/linux/bin/rnaSeq/src/rsemEvalPE/main/rsemEvalPEOut/trinityOut1.temp/trinityOut1.transcripts.fa 1 /Users/jordi/code/linux/bin/rnaSeq/src/rsemEvalPE/main/rsemEvalPEOut/trinityOut1.temp/trinityOut1
Refs.makeRefs finished!
Refs.saveRefs finished!
/Users/jordi/code/linux/bin/rnaSeq/src/rsemEvalPE/main/rsemEvalPEOut/trinityOut1.temp/trinityOut1.idx.fa is generated!
/Users/jordi/code/linux/bin/rnaSeq/src/rsemEvalPE/main/rsemEvalPEOut/trinityOut1.temp/trinityOut1.n2g.idx.fa is generated!

bowtie-build -f /Users/jordi/code/linux/bin/rnaSeq/src/rsemEvalPE/main/rsemEvalPEOut/trinityOut1.temp/trinityOut1.n2g.idx.fa /Users/jordi/code/linux/bin/rnaSeq/src/rsemEvalPE/main/rsemEvalPEOut/trinityOut1.temp/trinityOut1
Settings:
  Output files: "/Users/jordi/code/linux/bin/rnaSeq/src/rsemEvalPE/main/rsemEvalPEOut/trinityOut1.temp/trinityOut1.*.ebwt"
  Line rate: 6 (line is 64 bytes)
  Lines per side: 1 (side is 64 bytes)
  Offset rate: 5 (one in 32)
  FTable chars: 10
  Strings: unpacked
  Max bucket size: default
  Max bucket size, sqrt multiplier: default
  Max bucket size, len divisor: 4
  Difference-cover sample period: 1024
  Endianness: little
  Actual local endianness: little
  Sanity checking: disabled
  Assertions: disabled
  Random seed: 0
  Sizeofs: void*:8, int:4, long:8, size_t:8
Input files DNA, FASTA:
  /Users/jordi/code/linux/bin/rnaSeq/src/rsemEvalPE/main/rsemEvalPEOut/trinityOut1.temp/trinityOut1.n2g.idx.fa
Reading reference sizes
  Time reading reference sizes: 00:00:00
Calculating joined length
Writing header
Reserving space for joined string
Joining reference sequences
  Time to join reference sequences: 00:00:00
bmax according to bmaxDivN setting: 34452
Using parameters --bmax 25839 --dcv 1024
  Doing ahead-of-time memory usage test
  Passed!  Constructing with these parameters: --bmax 25839 --dcv 1024
Constructing suffix-array element generator
Building DifferenceCoverSample
  Building sPrime
  Building sPrimeOrder
  V-Sorting samples
  V-Sorting samples time: 00:00:00
  Allocating rank array
  Ranking v-sort output
  Ranking v-sort output time: 00:00:00
  Invoking Larsson-Sadakane on ranks
  Invoking Larsson-Sadakane on ranks time: 00:00:00
  Sanity-checking and returning
Building samples
Reserving space for 12 sample suffixes
Generating random suffixes
QSorting 12 sample offsets, eliminating duplicates
QSorting sample offsets, eliminating duplicates time: 00:00:00
Multikey QSorting 12 samples
  (Using difference cover)
  Multikey QSorting samples time: 00:00:00
Calculating bucket sizes
  Binary sorting into buckets
  10%
  20%
  30%
  40%
  50%
  60%
  70%
  80%
  90%
  100%
  Binary sorting into buckets time: 00:00:00
Splitting and merging
  Splitting and merging time: 00:00:00
Split 1, merged 7; iterating...
  Binary sorting into buckets
  10%
  20%
  30%
  40%
  50%
  60%
  70%
  80%
  90%
  100%
  Binary sorting into buckets time: 00:00:00
Splitting and merging
  Splitting and merging time: 00:00:00
Avg bucket size: 19686 (target: 25838)
Converting suffix-array elements to index image
Allocating ftab, absorbFtab
Entering Ebwt loop
Getting block 1 of 7
  Reserving size (25839) for bucket
  Calculating Z arrays
  Calculating Z arrays time: 00:00:00
  Entering block accumulator loop:
  10%
  20%
  30%
  40%
  50%
  60%
  70%
  80%
  90%
  100%
  Block accumulator loop time: 00:00:00
  Sorting block of length 18646
  (Using difference cover)
  Sorting block time: 00:00:00
Returning block of 18647
Getting block 2 of 7
  Reserving size (25839) for bucket
  Calculating Z arrays
  Calculating Z arrays time: 00:00:00
  Entering block accumulator loop:
  10%
  20%
  30%
  40%
  50%
  60%
  70%
  80%
  90%
  100%
  Block accumulator loop time: 00:00:00
  Sorting block of length 18314
  (Using difference cover)
  Sorting block time: 00:00:00
Returning block of 18315
Getting block 3 of 7
  Reserving size (25839) for bucket
  Calculating Z arrays
  Calculating Z arrays time: 00:00:00
  Entering block accumulator loop:
  10%
  20%
  30%
  40%
  50%
  60%
  70%
  80%
  90%
  100%
  Block accumulator loop time: 00:00:00
  Sorting block of length 23438
  (Using difference cover)
  Sorting block time: 00:00:00
Returning block of 23439
Getting block 4 of 7
  Reserving size (25839) for bucket
  Calculating Z arrays
  Calculating Z arrays time: 00:00:00
  Entering block accumulator loop:
  10%
  20%
  30%
  40%
  50%
  60%
  70%
  80%
  90%
  100%
  Block accumulator loop time: 00:00:00
  Sorting block of length 23809
  (Using difference cover)
  Sorting block time: 00:00:00
Returning block of 23810
Getting block 5 of 7
  Reserving size (25839) for bucket
  Calculating Z arrays
  Calculating Z arrays time: 00:00:00
  Entering block accumulator loop:
  10%
  20%
  30%
  40%
  50%
  60%
  70%
  80%
  90%
  100%
  Block accumulator loop time: 00:00:00
  Sorting block of length 18885
  (Using difference cover)
  Sorting block time: 00:00:00
Returning block of 18886
Getting block 6 of 7
  Reserving size (25839) for bucket
  Calculating Z arrays
  Calculating Z arrays time: 00:00:00
  Entering block accumulator loop:
  10%
  20%
  30%
  40%
  50%
  60%
  70%
  80%
  90%
  100%
  Block accumulator loop time: 00:00:00
  Sorting block of length 14564
  (Using difference cover)
  Sorting block time: 00:00:00
Returning block of 14565
Getting block 7 of 7
  Reserving size (25839) for bucket
  Calculating Z arrays
  Calculating Z arrays time: 00:00:00
  Entering block accumulator loop:
  10%
  20%
  30%
  40%
  50%
  60%
  70%
  80%
  90%
  100%
  Block accumulator loop time: 00:00:00
  Sorting block of length 20146
  (Using difference cover)
  Sorting block time: 00:00:00
Returning block of 20147
Exited Ebwt loop
fchr[A]: 0
fchr[C]: 35534
fchr[G]: 69899
fchr[T]: 103958
fchr[$]: 137808
Exiting Ebwt::buildToDisk()
Returning from initFromVector
Wrote 4235991 bytes to primary EBWT file: /Users/jordi/code/linux/bin/rnaSeq/src/rsemEvalPE/main/rsemEvalPEOut/trinityOut1.temp/trinityOut1.1.ebwt
Wrote 17232 bytes to secondary EBWT file: /Users/jordi/code/linux/bin/rnaSeq/src/rsemEvalPE/main/rsemEvalPEOut/trinityOut1.temp/trinityOut1.2.ebwt
Re-opening _in1 and _in2 as input streams
Returning from Ebwt constructor
Headers:
    len: 137808
    bwtLen: 137809
    sz: 34452
    bwtSz: 34453
    lineRate: 6
    linesPerSide: 1
    offRate: 5
    offMask: 0xffffffe0
    isaRate: -1
    isaMask: 0xffffffff
    ftabChars: 10
    eftabLen: 20
    eftabSz: 80
    ftabLen: 1048577
    ftabSz: 4194308
    offsLen: 4307
    offsSz: 17228
    isaLen: 0
    isaSz: 0
    lineSz: 64
    sideSz: 64
    sideBwtSz: 56
    sideBwtLen: 224
    numSidePairs: 308
    numSides: 616
    numLines: 616
    ebwtTotLen: 39424
    ebwtTotSz: 39424
    reverse: 0
Total time for call to driver() for forward index: 00:00:00
Reading reference sizes
  Time reading reference sizes: 00:00:00
Calculating joined length
Writing header
Reserving space for joined string
Joining reference sequences
  Time to join reference sequences: 00:00:00
bmax according to bmaxDivN setting: 34452
Using parameters --bmax 25839 --dcv 1024
  Doing ahead-of-time memory usage test
  Passed!  Constructing with these parameters: --bmax 25839 --dcv 1024
Constructing suffix-array element generator
Building DifferenceCoverSample
  Building sPrime
  Building sPrimeOrder
  V-Sorting samples
  V-Sorting samples time: 00:00:00
  Allocating rank array
  Ranking v-sort output
  Ranking v-sort output time: 00:00:00
  Invoking Larsson-Sadakane on ranks
  Invoking Larsson-Sadakane on ranks time: 00:00:00
  Sanity-checking and returning
Building samples
Reserving space for 12 sample suffixes
Generating random suffixes
QSorting 12 sample offsets, eliminating duplicates
QSorting sample offsets, eliminating duplicates time: 00:00:00
Multikey QSorting 12 samples
  (Using difference cover)
  Multikey QSorting samples time: 00:00:00
Calculating bucket sizes
  Binary sorting into buckets
  10%
  20%
  30%
  40%
  50%
  60%
  70%
  80%
  90%
  100%
  Binary sorting into buckets time: 00:00:00
Splitting and merging
  Splitting and merging time: 00:00:00
Split 1, merged 6; iterating...
  Binary sorting into buckets
  10%
  20%
  30%
  40%
  50%
  60%
  70%
  80%
  90%
  100%
  Binary sorting into buckets time: 00:00:00
Splitting and merging
  Splitting and merging time: 00:00:00
Split 1, merged 1; iterating...
  Binary sorting into buckets
  10%
  20%
  30%
  40%
  50%
  60%
  70%
  80%
  90%
  100%
  Binary sorting into buckets time: 00:00:00
Splitting and merging
  Splitting and merging time: 00:00:00
Split 1, merged 1; iterating...
  Binary sorting into buckets
  10%
  20%
  30%
  40%
  50%
  60%
  70%
  80%
  90%
  100%
  Binary sorting into buckets time: 00:00:00
Splitting and merging
  Splitting and merging time: 00:00:00
Split 1, merged 1; iterating...
  Binary sorting into buckets
  10%
  20%
  30%
  40%
  50%
  60%
  70%
  80%
  90%
  100%
  Binary sorting into buckets time: 00:00:00
Splitting and merging
  Splitting and merging time: 00:00:00
Avg bucket size: 17225.1 (target: 25838)
Converting suffix-array elements to index image
Allocating ftab, absorbFtab
Entering Ebwt loop
Getting block 1 of 8
  Reserving size (25839) for bucket
  Calculating Z arrays
  Calculating Z arrays time: 00:00:00
  Entering block accumulator loop:
  10%
  20%
  30%
  40%
  50%
  60%
  70%
  80%
  90%
  100%
  Block accumulator loop time: 00:00:00
  Sorting block of length 23406
  (Using difference cover)
  Sorting block time: 00:00:00
Returning block of 23407
Getting block 2 of 8
  Reserving size (25839) for bucket
  Calculating Z arrays
  Calculating Z arrays time: 00:00:00
  Entering block accumulator loop:
  10%
  20%
  30%
  40%
  50%
  60%
  70%
  80%
  90%
  100%
  Block accumulator loop time: 00:00:00
  Sorting block of length 19489
  (Using difference cover)
  Sorting block time: 00:00:00
Returning block of 19490
Getting block 3 of 8
  Reserving size (25839) for bucket
  Calculating Z arrays
  Calculating Z arrays time: 00:00:00
  Entering block accumulator loop:
  10%
  20%
  30%
  40%
  50%
  60%
  70%
  80%
  90%
  100%
  Block accumulator loop time: 00:00:00
  Sorting block of length 13624
  (Using difference cover)
  Sorting block time: 00:00:00
Returning block of 13625
Getting block 4 of 8
  Reserving size (25839) for bucket
  Calculating Z arrays
  Calculating Z arrays time: 00:00:00
  Entering block accumulator loop:
  10%
  20%
  30%
  40%
  50%
  60%
  70%
  80%
  90%
  100%
  Block accumulator loop time: 00:00:00
  Sorting block of length 15048
  (Using difference cover)
  Sorting block time: 00:00:01
Returning block of 15049
Getting block 5 of 8
  Reserving size (25839) for bucket
  Calculating Z arrays
  Calculating Z arrays time: 00:00:00
  Entering block accumulator loop:
  10%
  20%
  30%
  40%
  50%
  60%
  70%
  80%
  90%
  100%
  Block accumulator loop time: 00:00:00
  Sorting block of length 22963
  (Using difference cover)
  Sorting block time: 00:00:00
Returning block of 22964
Getting block 6 of 8
  Reserving size (25839) for bucket
  Calculating Z arrays
  Calculating Z arrays time: 00:00:00
  Entering block accumulator loop:
  10%
  20%
  30%
  40%
  50%
  60%
  70%
  80%
  90%
  100%
  Block accumulator loop time: 00:00:00
  Sorting block of length 16858
  (Using difference cover)
  Sorting block time: 00:00:00
Returning block of 16859
Getting block 7 of 8
  Reserving size (25839) for bucket
  Calculating Z arrays
  Calculating Z arrays time: 00:00:00
  Entering block accumulator loop:
  10%
  20%
  30%
  40%
  50%
  60%
  70%
  80%
  90%
  100%
  Block accumulator loop time: 00:00:00
  Sorting block of length 20729
  (Using difference cover)
  Sorting block time: 00:00:00
Returning block of 20730
Getting block 8 of 8
  Reserving size (25839) for bucket
  Calculating Z arrays
  Calculating Z arrays time: 00:00:00
  Entering block accumulator loop:
  10%
  20%
  30%
  40%
  50%
  60%
  70%
  80%
  90%
  100%
  Block accumulator loop time: 00:00:00
  Sorting block of length 5684
  (Using difference cover)
  Sorting block time: 00:00:00
Returning block of 5685
Exited Ebwt loop
fchr[A]: 0
fchr[C]: 35534
fchr[G]: 69899
fchr[T]: 103958
fchr[$]: 137808
Exiting Ebwt::buildToDisk()
Returning from initFromVector
Wrote 4235991 bytes to primary EBWT file: /Users/jordi/code/linux/bin/rnaSeq/src/rsemEvalPE/main/rsemEvalPEOut/trinityOut1.temp/trinityOut1.rev.1.ebwt
Wrote 17232 bytes to secondary EBWT file: /Users/jordi/code/linux/bin/rnaSeq/src/rsemEvalPE/main/rsemEvalPEOut/trinityOut1.temp/trinityOut1.rev.2.ebwt
Re-opening _in1 and _in2 as input streams
Returning from Ebwt constructor
Headers:
    len: 137808
    bwtLen: 137809
    sz: 34452
    bwtSz: 34453
    lineRate: 6
    linesPerSide: 1
    offRate: 5
    offMask: 0xffffffe0
    isaRate: -1
    isaMask: 0xffffffff
    ftabChars: 10
    eftabLen: 20
    eftabSz: 80
    ftabLen: 1048577
    ftabSz: 4194308
    offsLen: 4307
    offsSz: 17228
    isaLen: 0
    isaSz: 0
    lineSz: 64
    sideSz: 64
    sideBwtSz: 56
    sideBwtLen: 224
    numSidePairs: 308
    numSides: 616
    numLines: 616
    ebwtTotLen: 39424
    ebwtTotSz: 39424
    reverse: 0
Total time for backward call to driver() for mirror index: 00:00:01

bowtie -q --phred33-quals -n 2 -e 99999999 -l 25 -I 1 -X 1000 -p 2 -a -m 200 -S /Users/jordi/code/linux/bin/rnaSeq/src/rsemEvalPE/main/rsemEvalPEOut/trinityOut1.temp/trinityOut1 -1 /Users/jordi/code/linux/bin/rnaSeq/src/rsemEvalPE/main/reads/reads1_r1.fastq -2 /Users/jordi/code/linux/bin/rnaSeq/src/rsemEvalPE/main/reads/reads1_r2.fastq | samtools view -S -b -o /Users/jordi/code/linux/bin/rnaSeq/src/rsemEvalPE/main/rsemEvalPEOut/trinityOut1.temp/trinityOut1.bam -
[samopen] SAM header is present: 71 sequences.
# reads processed: 30575
# reads with at least one reported alignment: 27108 (88.66%)
# reads that failed to align: 3467 (11.34%)
Reported 64812 paired-end alignments to 1 output stream(s)

rsem-parse-alignments /Users/jordi/code/linux/bin/rnaSeq/src/rsemEvalPE/main/rsemEvalPEOut/trinityOut1.temp/trinityOut1 /Users/jordi/code/linux/bin/rnaSeq/src/rsemEvalPE/main/rsemEvalPEOut/trinityOut1.temp/trinityOut1 /Users/jordi/code/linux/bin/rnaSeq/src/rsemEvalPE/main/rsemEvalPEOut/trinityOut1.stat/trinityOut1 b /Users/jordi/code/linux/bin/rnaSeq/src/rsemEvalPE/main/rsemEvalPEOut/trinityOut1.temp/trinityOut1.bam -t 3 -tag XM
Done!

rsem-build-read-index 32 1 0 /Users/jordi/code/linux/bin/rnaSeq/src/rsemEvalPE/main/rsemEvalPEOut/trinityOut1.temp/trinityOut1_alignable_1.fq /Users/jordi/code/linux/bin/rnaSeq/src/rsemEvalPE/main/rsemEvalPEOut/trinityOut1.temp/trinityOut1_alignable_2.fq
Build Index /Users/jordi/code/linux/bin/rnaSeq/src/rsemEvalPE/main/rsemEvalPEOut/trinityOut1.temp/trinityOut1_alignable_1.fq is Done!
Build Index /Users/jordi/code/linux/bin/rnaSeq/src/rsemEvalPE/main/rsemEvalPEOut/trinityOut1.temp/trinityOut1_alignable_2.fq is Done!

rsem-eval-run-em /Users/jordi/code/linux/bin/rnaSeq/src/rsemEvalPE/main/rsemEvalPEOut/trinityOut1.temp/trinityOut1 3 /Users/jordi/code/linux/bin/rnaSeq/src/rsemEvalPE/main/rsemEvalPEOut/trinityOut1 /Users/jordi/code/linux/bin/rnaSeq/src/rsemEvalPE/main/rsemEvalPEOut/trinityOut1.temp/trinityOut1 /Users/jordi/code/linux/bin/rnaSeq/src/rsemEvalPE/main/rsemEvalPEOut/trinityOut1.stat/trinityOut1 0.650731242119049 0.00033515059786042 75 0 -p 2
Refs.loadRefs finished!
Thread 0 : N = 13230, NHit = 32406
DAT 0 reads left
Thread 1 : N = 13878, NHit = 32406
EM_init finished!
estimateFromReads, N0 finished.
estimateFromReads, N1 finished.
ROUND = 1, SUM = 30575, bChange = 6.62792, totNum = 72
ROUND = 2, SUM = 30575, bChange = 0.951253, totNum = 37
ROUND = 3, SUM = 30575, bChange = 0.946957, totNum = 31
ROUND = 4, SUM = 30575, bChange = 0.558176, totNum = 30
ROUND = 5, SUM = 30575, bChange = 0.531069, totNum = 30
ROUND = 6, SUM = 30575, bChange = 0.50845, totNum = 30
ROUND = 7, SUM = 30575, bChange = 0.487911, totNum = 29
ROUND = 8, SUM = 30575, bChange = 0.468602, totNum = 29
ROUND = 9, SUM = 30575, bChange = 0.450316, totNum = 28
ROUND = 10, SUM = 30575, bChange = 0.433111, totNum = 28
ROUND = 11, SUM = 30575, bChange = 0.417123, totNum = 28
ROUND = 12, SUM = 30575, bChange = 0.402483, totNum = 28
ROUND = 13, SUM = 30575, bChange = 0.389284, totNum = 28
ROUND = 14, SUM = 30575, bChange = 0.377552, totNum = 28
ROUND = 15, SUM = 30575, bChange = 0.367261, totNum = 28
ROUND = 16, SUM = 30575, bChange = 0.35834, totNum = 28
ROUND = 17, SUM = 30575, bChange = 0.350687, totNum = 28
ROUND = 18, SUM = 30575, bChange = 0.248766, totNum = 27
ROUND = 19, SUM = 30575, bChange = 0.248522, totNum = 26
ROUND = 20, SUM = 30575, bChange = 0.24834, totNum = 26
ROUND = 21, SUM = 30575, bChange = 0.248204, totNum = 26
ROUND = 22, SUM = 30575, bChange = 0.248102, totNum = 26
ROUND = 23, SUM = 30575, bChange = 0.248026, totNum = 25
ROUND = 24, SUM = 30575, bChange = 0.247969, totNum = 25
ROUND = 25, SUM = 30575, bChange = 0.247927, totNum = 24
ROUND = 26, SUM = 30575, bChange = 0.247895, totNum = 24
ROUND = 27, SUM = 30575, bChange = 0.247871, totNum = 22
ROUND = 28, SUM = 30575, bChange = 0.247854, totNum = 21
ROUND = 29, SUM = 30575, bChange = 0.24784, totNum = 21
ROUND = 30, SUM = 30575, bChange = 0.247831, totNum = 21
ROUND = 31, SUM = 30575, bChange = 0.247823, totNum = 20
ROUND = 32, SUM = 30575, bChange = 0.247818, totNum = 20
ROUND = 33, SUM = 30575, bChange = 0.247814, totNum = 19
ROUND = 34, SUM = 30575, bChange = 0.24781, totNum = 18
ROUND = 35, SUM = 30575, bChange = 0.247808, totNum = 17
ROUND = 36, SUM = 30575, bChange = 0.247806, totNum = 17
ROUND = 37, SUM = 30575.0000000001, bChange = 0.0290549, totNum = 16
ROUND = 38, SUM = 30575, bChange = 0.0282213, totNum = 16
ROUND = 39, SUM = 30575, bChange = 0.0273948, totNum = 16
ROUND = 40, SUM = 30575, bChange = 0.0265762, totNum = 16
ROUND = 41, SUM = 30575, bChange = 0.0257662, totNum = 15
ROUND = 42, SUM = 30575, bChange = 0.0249654, totNum = 14
ROUND = 43, SUM = 30575, bChange = 0.0241747, totNum = 14
ROUND = 44, SUM = 30575, bChange = 0.0233947, totNum = 13
ROUND = 45, SUM = 30575, bChange = 0.022626, totNum = 13
ROUND = 46, SUM = 30575, bChange = 0.0218694, totNum = 13
ROUND = 47, SUM = 30574.9999999999, bChange = 0.0211253, totNum = 13
ROUND = 48, SUM = 30575, bChange = 0.0203945, totNum = 13
ROUND = 49, SUM = 30575, bChange = 0.0196774, totNum = 13
ROUND = 50, SUM = 30575, bChange = 0.0189745, totNum = 13
ROUND = 51, SUM = 30575.0000000001, bChange = 0.0182863, totNum = 13
ROUND = 52, SUM = 30575, bChange = 0.0176132, totNum = 13
ROUND = 53, SUM = 30575, bChange = 0.0169555, totNum = 13
ROUND = 54, SUM = 30575, bChange = 0.0167281, totNum = 13
ROUND = 55, SUM = 30575, bChange = 0.0166844, totNum = 12
ROUND = 56, SUM = 30575, bChange = 0.0166433, totNum = 10
ROUND = 57, SUM = 30575, bChange = 0.0166048, totNum = 10
ROUND = 58, SUM = 30575, bChange = 0.0165687, totNum = 10
ROUND = 59, SUM = 30575, bChange = 0.016535, totNum = 11
ROUND = 60, SUM = 30575, bChange = 0.0165034, totNum = 11
ROUND = 61, SUM = 30575, bChange = 0.016474, totNum = 11
ROUND = 62, SUM = 30575, bChange = 0.0164465, totNum = 11
ROUND = 63, SUM = 30575, bChange = 0.0164209, totNum = 11
ROUND = 64, SUM = 30575, bChange = 0.0163971, totNum = 11
ROUND = 65, SUM = 30575, bChange = 0.0163751, totNum = 10
ROUND = 66, SUM = 30575, bChange = 0.0163547, totNum = 10
ROUND = 67, SUM = 30575, bChange = 0.0163358, totNum = 10
ROUND = 68, SUM = 30575, bChange = 0.0163185, totNum = 10
ROUND = 69, SUM = 30575, bChange = 0.0163025, totNum = 10
ROUND = 70, SUM = 30575.0000000001, bChange = 0.016288, totNum = 10
ROUND = 71, SUM = 30575, bChange = 0.0162747, totNum = 9
ROUND = 72, SUM = 30575, bChange = 0.0162628, totNum = 9
ROUND = 73, SUM = 30575, bChange = 0.016252, totNum = 8
ROUND = 74, SUM = 30575, bChange = 0.0162423, totNum = 8
ROUND = 75, SUM = 30575, bChange = 0.0162338, totNum = 8
ROUND = 76, SUM = 30575, bChange = 0.0162263, totNum = 8
ROUND = 77, SUM = 30575, bChange = 0.0162198, totNum = 8
ROUND = 78, SUM = 30575, bChange = 0.0162144, totNum = 8
ROUND = 79, SUM = 30575, bChange = 0.0162098, totNum = 8
ROUND = 80, SUM = 30575, bChange = 0.0162062, totNum = 8
ROUND = 81, SUM = 30575, bChange = 0.0162034, totNum = 8
ROUND = 82, SUM = 30575, bChange = 0.0162014, totNum = 8
ROUND = 83, SUM = 30575, bChange = 0.0162002, totNum = 8
ROUND = 84, SUM = 30575, bChange = 0.0161998, totNum = 8
ROUND = 85, SUM = 30575, bChange = 0.0162002, totNum = 8
ROUND = 86, SUM = 30575, bChange = 0.0162012, totNum = 8
ROUND = 87, SUM = 30575, bChange = 0.0162029, totNum = 8
ROUND = 88, SUM = 30575, bChange = 0.0162053, totNum = 8
ROUND = 89, SUM = 30575, bChange = 0.0162083, totNum = 8
ROUND = 90, SUM = 30575, bChange = 0.0162119, totNum = 7
ROUND = 91, SUM = 30575, bChange = 0.0162161, totNum = 7
ROUND = 92, SUM = 30574.9999999999, bChange = 0.0162208, totNum = 7
ROUND = 93, SUM = 30575, bChange = 0.0162261, totNum = 7
ROUND = 94, SUM = 30575, bChange = 0.0162318, totNum = 7
ROUND = 95, SUM = 30575, bChange = 0.0162381, totNum = 7
ROUND = 96, SUM = 30575, bChange = 0.0162448, totNum = 7
ROUND = 97, SUM = 30575, bChange = 0.016252, totNum = 7
ROUND = 98, SUM = 30575, bChange = 0.0162596, totNum = 7
ROUND = 99, SUM = 30575, bChange = 0.0162677, totNum = 7
ROUND = 100, SUM = 30575, bChange = 0.0162761, totNum = 7
ROUND = 101, SUM = 30575, bChange = 0.0162849, totNum = 7
ROUND = 102, SUM = 30575, bChange = 0.0162941, totNum = 6
ROUND = 103, SUM = 30575, bChange = 0.0163036, totNum = 6
ROUND = 104, SUM = 30575, bChange = 0.0163134, totNum = 6
ROUND = 105, SUM = 30575, bChange = 0.0163236, totNum = 6
ROUND = 106, SUM = 30575, bChange = 0.0163341, totNum = 6
ROUND = 107, SUM = 30575, bChange = 0.0163448, totNum = 6
ROUND = 108, SUM = 30575, bChange = 0.0163559, totNum = 5
ROUND = 109, SUM = 30575, bChange = 0.0163671, totNum = 5
ROUND = 110, SUM = 30575, bChange = 0.0163787, totNum = 5
ROUND = 111, SUM = 30575, bChange = 0.0163904, totNum = 5
ROUND = 112, SUM = 30575, bChange = 0.0164024, totNum = 5
ROUND = 113, SUM = 30575, bChange = 0.0164146, totNum = 4
ROUND = 114, SUM = 30575, bChange = 0.016427, totNum = 4
ROUND = 115, SUM = 30575, bChange = 0.0164396, totNum = 4
ROUND = 116, SUM = 30575, bChange = 0.0164524, totNum = 4
ROUND = 117, SUM = 30575, bChange = 0.0164653, totNum = 4
ROUND = 118, SUM = 30575, bChange = 0.0164784, totNum = 4
ROUND = 119, SUM = 30575, bChange = 0.0164917, totNum = 4
ROUND = 120, SUM = 30575, bChange = 0.016505, totNum = 4
ROUND = 121, SUM = 30575, bChange = 0.0165185, totNum = 4
ROUND = 122, SUM = 30575, bChange = 0.0165322, totNum = 4
ROUND = 123, SUM = 30575, bChange = 0.0165459, totNum = 4
ROUND = 124, SUM = 30575, bChange = 0.0165597, totNum = 4
ROUND = 125, SUM = 30575, bChange = 0.0165737, totNum = 4
ROUND = 126, SUM = 30575, bChange = 0.0165877, totNum = 3
ROUND = 127, SUM = 30575, bChange = 0.0166018, totNum = 3
ROUND = 128, SUM = 30575, bChange = 0.0166159, totNum = 3
ROUND = 129, SUM = 30575, bChange = 0.0166301, totNum = 3
ROUND = 130, SUM = 30575, bChange = 0.0166444, totNum = 3
ROUND = 131, SUM = 30575, bChange = 0.0166588, totNum = 3
ROUND = 132, SUM = 30575.0000000001, bChange = 0.0166731, totNum = 3
ROUND = 133, SUM = 30575, bChange = 0.0166875, totNum = 3
ROUND = 134, SUM = 30575, bChange = 0.016702, totNum = 3
ROUND = 135, SUM = 30575, bChange = 0.0167164, totNum = 3
ROUND = 136, SUM = 30574.9999999999, bChange = 0.0167309, totNum = 3
ROUND = 137, SUM = 30575, bChange = 0.0167454, totNum = 3
ROUND = 138, SUM = 30575, bChange = 0.0167599, totNum = 3
ROUND = 139, SUM = 30575, bChange = 0.0167744, totNum = 3
ROUND = 140, SUM = 30575, bChange = 0.0167889, totNum = 3
ROUND = 141, SUM = 30575, bChange = 0.0168034, totNum = 3
ROUND = 142, SUM = 30575, bChange = 0.0168179, totNum = 3
ROUND = 143, SUM = 30575, bChange = 0.0168324, totNum = 3
ROUND = 144, SUM = 30575, bChange = 0.0168468, totNum = 3
ROUND = 145, SUM = 30575, bChange = 0.0168612, totNum = 3
ROUND = 146, SUM = 30575, bChange = 0.0168756, totNum = 3
ROUND = 147, SUM = 30575, bChange = 0.01689, totNum = 3
ROUND = 148, SUM = 30575, bChange = 0.0169043, totNum = 3
ROUND = 149, SUM = 30575, bChange = 0.0169186, totNum = 3
ROUND = 150, SUM = 30575, bChange = 0.0169328, totNum = 3
ROUND = 151, SUM = 30575, bChange = 0.016947, totNum = 3
ROUND = 152, SUM = 30575, bChange = 0.0169612, totNum = 3
ROUND = 153, SUM = 30575, bChange = 0.0169752, totNum = 3
ROUND = 154, SUM = 30575, bChange = 0.0169893, totNum = 2
ROUND = 155, SUM = 30575, bChange = 0.0170032, totNum = 2
ROUND = 156, SUM = 30575, bChange = 0.0170172, totNum = 1
ROUND = 157, SUM = 30575, bChange = 0.017031, totNum = 1
ROUND = 158, SUM = 30575, bChange = 0.0170448, totNum = 1
ROUND = 159, SUM = 30575, bChange = 0.0170585, totNum = 1
ROUND = 160, SUM = 30575, bChange = 0.0170721, totNum = 1
ROUND = 161, SUM = 30575, bChange = 0.0170857, totNum = 1
ROUND = 162, SUM = 30575, bChange = 0.0170992, totNum = 1
ROUND = 163, SUM = 30575, bChange = 0.0171126, totNum = 1
ROUND = 164, SUM = 30575, bChange = 0.0171259, totNum = 1
ROUND = 165, SUM = 30575, bChange = 0.0171392, totNum = 1
ROUND = 166, SUM = 30575, bChange = 0.0171524, totNum = 1
ROUND = 167, SUM = 30575, bChange = 0.0171655, totNum = 1
ROUND = 168, SUM = 30575, bChange = 0.0171785, totNum = 1
ROUND = 169, SUM = 30575, bChange = 0.0171914, totNum = 1
ROUND = 170, SUM = 30575, bChange = 0.0172042, totNum = 1
ROUND = 171, SUM = 30575, bChange = 0.0172169, totNum = 1
ROUND = 172, SUM = 30575, bChange = 0.0172296, totNum = 1
ROUND = 173, SUM = 30575, bChange = 0.0172421, totNum = 1
ROUND = 174, SUM = 30575, bChange = 0.0172546, totNum = 1
ROUND = 175, SUM = 30575.0000000001, bChange = 0.0172669, totNum = 1
ROUND = 176, SUM = 30575, bChange = 0.0172792, totNum = 1
ROUND = 177, SUM = 30575, bChange = 0.0172914, totNum = 1
ROUND = 178, SUM = 30575, bChange = 0.0173035, totNum = 1
ROUND = 179, SUM = 30575, bChange = 0.0173154, totNum = 1
ROUND = 180, SUM = 30575, bChange = 0.0173273, totNum = 1
ROUND = 181, SUM = 30575, bChange = 0.0173391, totNum = 1
ROUND = 182, SUM = 30575, bChange = 0.0173508, totNum = 1
ROUND = 183, SUM = 30575, bChange = 0.0173624, totNum = 1
ROUND = 184, SUM = 30575, bChange = 0.0173739, totNum = 1
ROUND = 185, SUM = 30575, bChange = 0.0173852, totNum = 1
ROUND = 186, SUM = 30575, bChange = 0.0173965, totNum = 1
ROUND = 187, SUM = 30575, bChange = 0.0174077, totNum = 1
ROUND = 188, SUM = 30575, bChange = 0.0174188, totNum = 1
ROUND = 189, SUM = 30575, bChange = 0.0174298, totNum = 1
ROUND = 190, SUM = 30575, bChange = 0.0174406, totNum = 1
ROUND = 191, SUM = 30575, bChange = 0.0174514, totNum = 1
ROUND = 192, SUM = 30575, bChange = 0.0174621, totNum = 1
ROUND = 193, SUM = 30575, bChange = 0.0174727, totNum = 1
ROUND = 194, SUM = 30575, bChange = 0.0174831, totNum = 1
ROUND = 195, SUM = 30575, bChange = 0.0174935, totNum = 1
ROUND = 196, SUM = 30575, bChange = 0.0175038, totNum = 1
ROUND = 197, SUM = 30575, bChange = 0.0175139, totNum = 1
ROUND = 198, SUM = 30575, bChange = 0.017524, totNum = 1
ROUND = 199, SUM = 30575, bChange = 0.017534, totNum = 1
ROUND = 200, SUM = 30575, bChange = 0.0175438, totNum = 1
ROUND = 201, SUM = 30575, bChange = 0.0175536, totNum = 1
ROUND = 202, SUM = 30575, bChange = 0.0175632, totNum = 1
ROUND = 203, SUM = 30575, bChange = 0.0175728, totNum = 1
ROUND = 204, SUM = 30575, bChange = 0.0175822, totNum = 1
ROUND = 205, SUM = 30575, bChange = 0.0175916, totNum = 1
ROUND = 206, SUM = 30575, bChange = 0.0176008, totNum = 1
ROUND = 207, SUM = 30575, bChange = 0.01761, totNum = 1
ROUND = 208, SUM = 30575, bChange = 0.0176191, totNum = 1
ROUND = 209, SUM = 30575, bChange = 0.017628, totNum = 1
ROUND = 210, SUM = 30575, bChange = 0.0176369, totNum = 1
ROUND = 211, SUM = 30575, bChange = 0.0176456, totNum = 1
ROUND = 212, SUM = 30575, bChange = 0.0176543, totNum = 1
ROUND = 213, SUM = 30575, bChange = 0.0176629, totNum = 1
ROUND = 214, SUM = 30575, bChange = 0.0176713, totNum = 1
ROUND = 215, SUM = 30575.0000000001, bChange = 0.0176797, totNum = 1
ROUND = 216, SUM = 30575, bChange = 0.017688, totNum = 1
ROUND = 217, SUM = 30575, bChange = 0.0176962, totNum = 1
ROUND = 218, SUM = 30575, bChange = 0.0177043, totNum = 1
ROUND = 219, SUM = 30575, bChange = 0.0177123, totNum = 1
ROUND = 220, SUM = 30575, bChange = 0.0177202, totNum = 1
ROUND = 221, SUM = 30575, bChange = 0.017728, totNum = 1
ROUND = 222, SUM = 30575, bChange = 0.0177357, totNum = 1
ROUND = 223, SUM = 30575, bChange = 0.0177433, totNum = 1
ROUND = 224, SUM = 30575, bChange = 0.0177509, totNum = 1
ROUND = 225, SUM = 30575, bChange = 0.0177583, totNum = 1
ROUND = 226, SUM = 30575, bChange = 0.0177657, totNum = 1
ROUND = 227, SUM = 30575, bChange = 0.017773, totNum = 1
ROUND = 228, SUM = 30575, bChange = 0.0177801, totNum = 1
ROUND = 229, SUM = 30575, bChange = 0.0177872, totNum = 1
ROUND = 230, SUM = 30575, bChange = 0.0177942, totNum = 1
ROUND = 231, SUM = 30575, bChange = 0.0178012, totNum = 1
ROUND = 232, SUM = 30575, bChange = 0.017808, totNum = 1
ROUND = 233, SUM = 30575, bChange = 0.0178148, totNum = 1
ROUND = 234, SUM = 30575, bChange = 0.0178214, totNum = 1
ROUND = 235, SUM = 30575, bChange = 0.017828, totNum = 1
ROUND = 236, SUM = 30575, bChange = 0.0178345, totNum = 1
ROUND = 237, SUM = 30575, bChange = 0.0178409, totNum = 1
ROUND = 238, SUM = 30575, bChange = 0.0178473, totNum = 1
ROUND = 239, SUM = 30575, bChange = 0.0178535, totNum = 1
ROUND = 240, SUM = 30575, bChange = 0.0178597, totNum = 1
ROUND = 241, SUM = 30575, bChange = 0.0178658, totNum = 1
ROUND = 242, SUM = 30575, bChange = 0.0178718, totNum = 1
ROUND = 243, SUM = 30575, bChange = 0.0178778, totNum = 1
ROUND = 244, SUM = 30575, bChange = 0.0178837, totNum = 1
ROUND = 245, SUM = 30575, bChange = 0.0178894, totNum = 1
ROUND = 246, SUM = 30575, bChange = 0.0178952, totNum = 1
ROUND = 247, SUM = 30575, bChange = 0.0179008, totNum = 1
ROUND = 248, SUM = 30575, bChange = 0.0179064, totNum = 1
ROUND = 249, SUM = 30575, bChange = 0.0179119, totNum = 1
ROUND = 250, SUM = 30575, bChange = 0.0179173, totNum = 1
ROUND = 251, SUM = 30575, bChange = 0.0179226, totNum = 1
ROUND = 252, SUM = 30575, bChange = 0.0179279, totNum = 1
ROUND = 253, SUM = 30575, bChange = 0.0179331, totNum = 1
ROUND = 254, SUM = 30575, bChange = 0.0179383, totNum = 1
ROUND = 255, SUM = 30575, bChange = 0.0179433, totNum = 1
ROUND = 256, SUM = 30575, bChange = 0.0179483, totNum = 1
ROUND = 257, SUM = 30575, bChange = 0.0179533, totNum = 1
ROUND = 258, SUM = 30575, bChange = 0.0179581, totNum = 1
ROUND = 259, SUM = 30575, bChange = 0.0179629, totNum = 1
ROUND = 260, SUM = 30575, bChange = 0.0179677, totNum = 1
ROUND = 261, SUM = 30575, bChange = 0.0179724, totNum = 1
ROUND = 262, SUM = 30575, bChange = 0.017977, totNum = 1
ROUND = 263, SUM = 30575, bChange = 0.0179815, totNum = 1
ROUND = 264, SUM = 30575, bChange = 0.017986, totNum = 1
ROUND = 265, SUM = 30575, bChange = 0.0179904, totNum = 1
ROUND = 266, SUM = 30575, bChange = 0.0179948, totNum = 1
ROUND = 267, SUM = 30575, bChange = 0.0179991, totNum = 1
ROUND = 268, SUM = 30575, bChange = 0.0180033, totNum = 1
ROUND = 269, SUM = 30575, bChange = 0.0180075, totNum = 1
ROUND = 270, SUM = 30575, bChange = 0.0180116, totNum = 1
ROUND = 271, SUM = 30575, bChange = 0.0180157, totNum = 1
ROUND = 272, SUM = 30575, bChange = 0.0180197, totNum = 1
ROUND = 273, SUM = 30575, bChange = 0.0180236, totNum = 1
ROUND = 274, SUM = 30575, bChange = 0.0180275, totNum = 1
ROUND = 275, SUM = 30575, bChange = 0.0180314, totNum = 1
ROUND = 276, SUM = 30575, bChange = 0.0180351, totNum = 1
ROUND = 277, SUM = 30575, bChange = 0.0180389, totNum = 1
ROUND = 278, SUM = 30575, bChange = 0.0180426, totNum = 1
ROUND = 279, SUM = 30575, bChange = 0.0180462, totNum = 1
ROUND = 280, SUM = 30575, bChange = 0.0180498, totNum = 1
ROUND = 281, SUM = 30575, bChange = 0.0180533, totNum = 1
ROUND = 282, SUM = 30575, bChange = 0.0180567, totNum = 1
ROUND = 283, SUM = 30575, bChange = 0.0180602, totNum = 1
ROUND = 284, SUM = 30575, bChange = 0.0180635, totNum = 1
ROUND = 285, SUM = 30575, bChange = 0.0180669, totNum = 1
ROUND = 286, SUM = 30575, bChange = 0.0180701, totNum = 1
ROUND = 287, SUM = 30575, bChange = 0.0180734, totNum = 1
ROUND = 288, SUM = 30575, bChange = 0.0180765, totNum = 1
ROUND = 289, SUM = 30575, bChange = 0.0180797, totNum = 1
ROUND = 290, SUM = 30575, bChange = 0.0180828, totNum = 1
ROUND = 291, SUM = 30575, bChange = 0.0180858, totNum = 1
ROUND = 292, SUM = 30575, bChange = 0.0180888, totNum = 1
ROUND = 293, SUM = 30575, bChange = 0.0180918, totNum = 1
ROUND = 294, SUM = 30575, bChange = 0.0180947, totNum = 1
ROUND = 295, SUM = 30575, bChange = 0.0180975, totNum = 1
ROUND = 296, SUM = 30575, bChange = 0.0181004, totNum = 1
ROUND = 297, SUM = 30575, bChange = 0.0181032, totNum = 1
ROUND = 298, SUM = 30575, bChange = 0.0181059, totNum = 1
ROUND = 299, SUM = 30575, bChange = 0.0181086, totNum = 1
ROUND = 300, SUM = 30575, bChange = 0.0181113, totNum = 1
ROUND = 301, SUM = 30575, bChange = 0.0181139, totNum = 1
ROUND = 302, SUM = 30575, bChange = 0.0181165, totNum = 1
ROUND = 303, SUM = 30575, bChange = 0.018119, totNum = 1
ROUND = 304, SUM = 30575, bChange = 0.0181215, totNum = 1
ROUND = 305, SUM = 30575, bChange = 0.018124, totNum = 1
ROUND = 306, SUM = 30575, bChange = 0.0181264, totNum = 1
ROUND = 307, SUM = 30575, bChange = 0.0181288, totNum = 1
ROUND = 308, SUM = 30575, bChange = 0.0181312, totNum = 1
ROUND = 309, SUM = 30575, bChange = 0.0181335, totNum = 1
ROUND = 310, SUM = 30574.9999999999, bChange = 0.0181358, totNum = 1
ROUND = 311, SUM = 30575, bChange = 0.018138, totNum = 1
ROUND = 312, SUM = 30575.0000000001, bChange = 0.0181402, totNum = 1
ROUND = 313, SUM = 30575, bChange = 0.0181424, totNum = 1
ROUND = 314, SUM = 30575, bChange = 0.0181446, totNum = 1
ROUND = 315, SUM = 30575, bChange = 0.0181467, totNum = 1
ROUND = 316, SUM = 30575, bChange = 0.0181488, totNum = 1
ROUND = 317, SUM = 30575, bChange = 0.0181508, totNum = 1
ROUND = 318, SUM = 30575, bChange = 0.0181529, totNum = 1
ROUND = 319, SUM = 30575, bChange = 0.0181548, totNum = 1
ROUND = 320, SUM = 30575, bChange = 0.0181568, totNum = 1
ROUND = 321, SUM = 30575, bChange = 0.0181587, totNum = 1
ROUND = 322, SUM = 30575, bChange = 0.0181606, totNum = 1
ROUND = 323, SUM = 30575, bChange = 0.0181625, totNum = 1
ROUND = 324, SUM = 30575, bChange = 0.0181644, totNum = 1
ROUND = 325, SUM = 30574.9999999999, bChange = 0.0181662, totNum = 1
ROUND = 326, SUM = 30575, bChange = 0.018168, totNum = 1
ROUND = 327, SUM = 30575, bChange = 0.0181697, totNum = 1
ROUND = 328, SUM = 30575, bChange = 0.0181714, totNum = 1
ROUND = 329, SUM = 30574.9999999999, bChange = 0.0181731, totNum = 1
ROUND = 330, SUM = 30575, bChange = 0.0181748, totNum = 1
ROUND = 331, SUM = 30575, bChange = 0.0181765, totNum = 1
ROUND = 332, SUM = 30575, bChange = 0.0181781, totNum = 1
ROUND = 333, SUM = 30575, bChange = 0.0181797, totNum = 1
ROUND = 334, SUM = 30575, bChange = 0.0181813, totNum = 1
ROUND = 335, SUM = 30575, bChange = 0.0181828, totNum = 1
ROUND = 336, SUM = 30575, bChange = 0.0181843, totNum = 1
ROUND = 337, SUM = 30575, bChange = 0.0181858, totNum = 1
ROUND = 338, SUM = 30575, bChange = 0.0181873, totNum = 1
ROUND = 339, SUM = 30575, bChange = 0.0181888, totNum = 1
ROUND = 340, SUM = 30575, bChange = 0.0181902, totNum = 1
ROUND = 341, SUM = 30575, bChange = 0.0181916, totNum = 1
ROUND = 342, SUM = 30575, bChange = 0.018193, totNum = 1
ROUND = 343, SUM = 30575, bChange = 0.0181944, totNum = 1
ROUND = 344, SUM = 30575, bChange = 0.0181957, totNum = 1
ROUND = 345, SUM = 30575, bChange = 0.018197, totNum = 1
ROUND = 346, SUM = 30575, bChange = 0.0181983, totNum = 1
ROUND = 347, SUM = 30575, bChange = 0.0181996, totNum = 1
ROUND = 348, SUM = 30575, bChange = 0.0182009, totNum = 1
ROUND = 349, SUM = 30575, bChange = 0.0182021, totNum = 1
ROUND = 350, SUM = 30575, bChange = 0.0182033, totNum = 1
ROUND = 351, SUM = 30575, bChange = 0.0182045, totNum = 1
ROUND = 352, SUM = 30575, bChange = 0.0182057, totNum = 1
ROUND = 353, SUM = 30575, bChange = 0.0182069, totNum = 1
ROUND = 354, SUM = 30575, bChange = 0.018208, totNum = 1
ROUND = 355, SUM = 30575, bChange = 0.0182091, totNum = 1
ROUND = 356, SUM = 30574.9999999999, bChange = 0.0182103, totNum = 1
ROUND = 357, SUM = 30575, bChange = 0.0182113, totNum = 1
ROUND = 358, SUM = 30575, bChange = 0.0182124, totNum = 1
ROUND = 359, SUM = 30575, bChange = 0.0182135, totNum = 1
ROUND = 360, SUM = 30575, bChange = 0.0182145, totNum = 1
ROUND = 361, SUM = 30575, bChange = 0.0182155, totNum = 1
ROUND = 362, SUM = 30575, bChange = 0.0182165, totNum = 1
ROUND = 363, SUM = 30575, bChange = 0.0182175, totNum = 1
ROUND = 364, SUM = 30574.9999999999, bChange = 0.0182185, totNum = 1
ROUND = 365, SUM = 30575, bChange = 0.0182194, totNum = 1
ROUND = 366, SUM = 30575, bChange = 0.0182204, totNum = 1
ROUND = 367, SUM = 30575, bChange = 0.0182213, totNum = 1
ROUND = 368, SUM = 30575, bChange = 0.0182222, totNum = 1
ROUND = 369, SUM = 30575, bChange = 0.0182231, totNum = 1
ROUND = 370, SUM = 30575, bChange = 0.018224, totNum = 1
ROUND = 371, SUM = 30575, bChange = 0.0182249, totNum = 1
ROUND = 372, SUM = 30575, bChange = 0.0182257, totNum = 1
ROUND = 373, SUM = 30575, bChange = 0.0182266, totNum = 1
ROUND = 374, SUM = 30575, bChange = 0.0182274, totNum = 1
ROUND = 375, SUM = 30575, bChange = 0.0182282, totNum = 1
ROUND = 376, SUM = 30575, bChange = 0.018229, totNum = 1
ROUND = 377, SUM = 30575, bChange = 0.0182298, totNum = 1
ROUND = 378, SUM = 30575, bChange = 0.0182305, totNum = 1
ROUND = 379, SUM = 30575, bChange = 0.0182313, totNum = 1
ROUND = 380, SUM = 30575, bChange = 0.0182321, totNum = 1
ROUND = 381, SUM = 30575, bChange = 0.0182328, totNum = 1
ROUND = 382, SUM = 30575, bChange = 0.0182335, totNum = 1
ROUND = 383, SUM = 30575, bChange = 0.0182342, totNum = 1
ROUND = 384, SUM = 30575, bChange = 0.0182349, totNum = 1
ROUND = 385, SUM = 30575, bChange = 0.0182356, totNum = 1
ROUND = 386, SUM = 30575, bChange = 0.0182363, totNum = 1
ROUND = 387, SUM = 30575, bChange = 0.0182369, totNum = 1
ROUND = 388, SUM = 30575, bChange = 0.0182376, totNum = 1
ROUND = 389, SUM = 30575, bChange = 0.0182382, totNum = 1
ROUND = 390, SUM = 30575, bChange = 0.0182389, totNum = 1
ROUND = 391, SUM = 30575, bChange = 0.0182395, totNum = 1
ROUND = 392, SUM = 30575, bChange = 0.0182401, totNum = 1
ROUND = 393, SUM = 30575, bChange = 0.0182407, totNum = 1
ROUND = 394, SUM = 30575, bChange = 0.0182413, totNum = 1
ROUND = 395, SUM = 30575, bChange = 0.0182419, totNum = 1
ROUND = 396, SUM = 30575, bChange = 0.0182425, totNum = 1
ROUND = 397, SUM = 30575, bChange = 0.018243, totNum = 1
ROUND = 398, SUM = 30575.0000000001, bChange = 0.0182436, totNum = 1
ROUND = 399, SUM = 30575, bChange = 0.0182441, totNum = 1
ROUND = 400, SUM = 30575, bChange = 0.0182447, totNum = 1
ROUND = 401, SUM = 30575, bChange = 0.0182452, totNum = 1
ROUND = 402, SUM = 30575, bChange = 0.0182457, totNum = 1
ROUND = 403, SUM = 30575, bChange = 0.0182462, totNum = 1
ROUND = 404, SUM = 30575, bChange = 0.0182467, totNum = 1
ROUND = 405, SUM = 30575, bChange = 0.0182472, totNum = 1
ROUND = 406, SUM = 30575, bChange = 0.0182477, totNum = 1
ROUND = 407, SUM = 30575, bChange = 0.0182482, totNum = 1
ROUND = 408, SUM = 30575, bChange = 0.0182486, totNum = 1
ROUND = 409, SUM = 30575, bChange = 0.0182491, totNum = 1
ROUND = 410, SUM = 30575, bChange = 0.0182495, totNum = 1
ROUND = 411, SUM = 30575, bChange = 0.01825, totNum = 1
ROUND = 412, SUM = 30575, bChange = 0.0182504, totNum = 1
ROUND = 413, SUM = 30575, bChange = 0.0182508, totNum = 1
ROUND = 414, SUM = 30575, bChange = 0.0182513, totNum = 1
ROUND = 415, SUM = 30575, bChange = 0.0182517, totNum = 1
ROUND = 416, SUM = 30575, bChange = 0.0182521, totNum = 1
ROUND = 417, SUM = 30575, bChange = 0.0182525, totNum = 1
ROUND = 418, SUM = 30575, bChange = 0.0182529, totNum = 1
ROUND = 419, SUM = 30575, bChange = 0.0182533, totNum = 1
ROUND = 420, SUM = 30575, bChange = 0.0182536, totNum = 1
ROUND = 421, SUM = 30575, bChange = 0.018254, totNum = 1
ROUND = 422, SUM = 30575, bChange = 0.0182544, totNum = 1
ROUND = 423, SUM = 30575, bChange = 0.0182548, totNum = 1
ROUND = 424, SUM = 30575, bChange = 0.0182551, totNum = 1
ROUND = 425, SUM = 30575, bChange = 0.0182555, totNum = 1
ROUND = 426, SUM = 30575, bChange = 0.0182558, totNum = 1
ROUND = 427, SUM = 30575.0000000001, bChange = 0.0182561, totNum = 1
ROUND = 428, SUM = 30575, bChange = 0.0182565, totNum = 1
ROUND = 429, SUM = 30575, bChange = 0.0182568, totNum = 1
ROUND = 430, SUM = 30575, bChange = 0.0182571, totNum = 1
ROUND = 431, SUM = 30575, bChange = 0.0182574, totNum = 1
ROUND = 432, SUM = 30575, bChange = 0.0182577, totNum = 1
ROUND = 433, SUM = 30575, bChange = 0.0182581, totNum = 1
ROUND = 434, SUM = 30575, bChange = 0.0182584, totNum = 1
ROUND = 435, SUM = 30575, bChange = 0.0182586, totNum = 1
ROUND = 436, SUM = 30575, bChange = 0.0182589, totNum = 1
ROUND = 437, SUM = 30575, bChange = 0.0182592, totNum = 1
ROUND = 438, SUM = 30575, bChange = 0.0182595, totNum = 1
ROUND = 439, SUM = 30575, bChange = 0.0182598, totNum = 1
ROUND = 440, SUM = 30575, bChange = 0.01826, totNum = 1
ROUND = 441, SUM = 30575, bChange = 0.0182603, totNum = 1
ROUND = 442, SUM = 30575, bChange = 0.0182606, totNum = 1
ROUND = 443, SUM = 30575, bChange = 0.0182608, totNum = 1
ROUND = 444, SUM = 30575, bChange = 0.0182611, totNum = 1
ROUND = 445, SUM = 30575, bChange = 0.0182613, totNum = 1
ROUND = 446, SUM = 30575, bChange = 0.0182616, totNum = 1
ROUND = 447, SUM = 30575, bChange = 0.0182618, totNum = 1
ROUND = 448, SUM = 30575, bChange = 0.0182621, totNum = 1
ROUND = 449, SUM = 30575, bChange = 0.0182623, totNum = 1
ROUND = 450, SUM = 30575, bChange = 0.0182625, totNum = 1
ROUND = 451, SUM = 30575, bChange = 0.0182627, totNum = 1
ROUND = 452, SUM = 30575, bChange = 0.018263, totNum = 1
ROUND = 453, SUM = 30575, bChange = 0.0182632, totNum = 1
ROUND = 454, SUM = 30575, bChange = 0.0182634, totNum = 1
ROUND = 455, SUM = 30575, bChange = 0.0182636, totNum = 1
ROUND = 456, SUM = 30575, bChange = 0.0182638, totNum = 1
ROUND = 457, SUM = 30575, bChange = 0.018264, totNum = 1
ROUND = 458, SUM = 30575, bChange = 0.0182642, totNum = 1
ROUND = 459, SUM = 30575, bChange = 0.0182644, totNum = 1
ROUND = 460, SUM = 30575, bChange = 0.0182646, totNum = 1
ROUND = 461, SUM = 30575, bChange = 0.0182648, totNum = 1
ROUND = 462, SUM = 30575, bChange = 0.018265, totNum = 1
ROUND = 463, SUM = 30575, bChange = 0.0182651, totNum = 1
ROUND = 464, SUM = 30575.0000000001, bChange = 0.0182653, totNum = 1
ROUND = 465, SUM = 30575, bChange = 0.0182655, totNum = 1
ROUND = 466, SUM = 30575, bChange = 0.0182657, totNum = 1
ROUND = 467, SUM = 30575, bChange = 0.0182658, totNum = 1
ROUND = 468, SUM = 30575, bChange = 0.018266, totNum = 1
ROUND = 469, SUM = 30575, bChange = 0.0182662, totNum = 1
ROUND = 470, SUM = 30575, bChange = 0.0182663, totNum = 1
ROUND = 471, SUM = 30575, bChange = 0.0182665, totNum = 1
ROUND = 472, SUM = 30575, bChange = 0.0182666, totNum = 1
ROUND = 473, SUM = 30575, bChange = 0.0182668, totNum = 1
ROUND = 474, SUM = 30575, bChange = 0.0182669, totNum = 1
ROUND = 475, SUM = 30575, bChange = 0.0182671, totNum = 1
ROUND = 476, SUM = 30575, bChange = 0.0182672, totNum = 1
ROUND = 477, SUM = 30575, bChange = 0.0182674, totNum = 1
ROUND = 478, SUM = 30575, bChange = 0.0182675, totNum = 1
ROUND = 479, SUM = 30575, bChange = 0.0182677, totNum = 1
ROUND = 480, SUM = 30575, bChange = 0.0182678, totNum = 1
ROUND = 481, SUM = 30575, bChange = 0.0182679, totNum = 1
ROUND = 482, SUM = 30575, bChange = 0.0182681, totNum = 1
ROUND = 483, SUM = 30575, bChange = 0.0182682, totNum = 1
ROUND = 484, SUM = 30575, bChange = 0.0182683, totNum = 1
ROUND = 485, SUM = 30575, bChange = 0.0182684, totNum = 1
ROUND = 486, SUM = 30575, bChange = 0.0182685, totNum = 1
ROUND = 487, SUM = 30575, bChange = 0.0182687, totNum = 1
ROUND = 488, SUM = 30575, bChange = 0.0182688, totNum = 1
ROUND = 489, SUM = 30575, bChange = 0.0182689, totNum = 1
ROUND = 490, SUM = 30575, bChange = 0.018269, totNum = 1
ROUND = 491, SUM = 30575, bChange = 0.0182691, totNum = 1
ROUND = 492, SUM = 30575, bChange = 0.0182692, totNum = 1
ROUND = 493, SUM = 30575, bChange = 0.0182693, totNum = 1
ROUND = 494, SUM = 30575, bChange = 0.0182694, totNum = 1
ROUND = 495, SUM = 30575, bChange = 0.0182696, totNum = 1
ROUND = 496, SUM = 30575, bChange = 0.0182697, totNum = 1
ROUND = 497, SUM = 30575, bChange = 0.0182698, totNum = 1
ROUND = 498, SUM = 30575, bChange = 0.0182699, totNum = 1
ROUND = 499, SUM = 30575, bChange = 0.0182699, totNum = 1
ROUND = 500, SUM = 30575, bChange = 0.01827, totNum = 1
ROUND = 501, SUM = 30575, bChange = 0.0182701, totNum = 1
ROUND = 502, SUM = 30575, bChange = 0.0182702, totNum = 1
ROUND = 503, SUM = 30575, bChange = 0.0182703, totNum = 1
ROUND = 504, SUM = 30575, bChange = 0.0182704, totNum = 1
ROUND = 505, SUM = 30575, bChange = 0.0182705, totNum = 1
ROUND = 506, SUM = 30575, bChange = 0.0182706, totNum = 1
ROUND = 507, SUM = 30575, bChange = 0.0182707, totNum = 1
ROUND = 508, SUM = 30575, bChange = 0.0182707, totNum = 1
ROUND = 509, SUM = 30575, bChange = 0.0182708, totNum = 1
ROUND = 510, SUM = 30575, bChange = 0.0182709, totNum = 1
ROUND = 511, SUM = 30575, bChange = 0.018271, totNum = 1
ROUND = 512, SUM = 30575, bChange = 0.0182711, totNum = 1
ROUND = 513, SUM = 30575, bChange = 0.0182711, totNum = 1
ROUND = 514, SUM = 30575, bChange = 0.0182712, totNum = 1
ROUND = 515, SUM = 30575, bChange = 0.0182713, totNum = 1
ROUND = 516, SUM = 30575, bChange = 0.0182714, totNum = 1
ROUND = 517, SUM = 30575, bChange = 0.0182714, totNum = 1
ROUND = 518, SUM = 30575, bChange = 0.0182715, totNum = 1
ROUND = 519, SUM = 30575, bChange = 0.0182716, totNum = 1
ROUND = 520, SUM = 30575, bChange = 0.0182716, totNum = 1
ROUND = 521, SUM = 30575, bChange = 0.0182717, totNum = 1
ROUND = 522, SUM = 30575, bChange = 0.0182718, totNum = 1
ROUND = 523, SUM = 30575, bChange = 0.0182718, totNum = 1
ROUND = 524, SUM = 30575, bChange = 0.0182719, totNum = 1
ROUND = 525, SUM = 30574.9999999999, bChange = 0.0182719, totNum = 1
ROUND = 526, SUM = 30575, bChange = 0.018272, totNum = 1
ROUND = 527, SUM = 30575, bChange = 0.0182721, totNum = 1
ROUND = 528, SUM = 30575, bChange = 0.0182721, totNum = 1
ROUND = 529, SUM = 30575, bChange = 0.0182722, totNum = 1
ROUND = 530, SUM = 30575, bChange = 0.0182722, totNum = 1
ROUND = 531, SUM = 30575, bChange = 0.0182723, totNum = 1
ROUND = 532, SUM = 30575, bChange = 0.0182723, totNum = 1
ROUND = 533, SUM = 30575, bChange = 0.0182724, totNum = 1
ROUND = 534, SUM = 30575, bChange = 0.0182724, totNum = 1
ROUND = 535, SUM = 30575, bChange = 0.0182725, totNum = 1
ROUND = 536, SUM = 30575, bChange = 0.0182726, totNum = 1
ROUND = 537, SUM = 30575, bChange = 0.0182726, totNum = 1
ROUND = 538, SUM = 30575, bChange = 0.0182726, totNum = 1
ROUND = 539, SUM = 30575, bChange = 0.0182727, totNum = 1
ROUND = 540, SUM = 30575, bChange = 0.0182727, totNum = 1
ROUND = 541, SUM = 30575, bChange = 0.0182728, totNum = 1
ROUND = 542, SUM = 30575, bChange = 0.0182728, totNum = 1
ROUND = 543, SUM = 30575, bChange = 0.0182729, totNum = 1
ROUND = 544, SUM = 30575, bChange = 0.0182729, totNum = 1
ROUND = 545, SUM = 30575, bChange = 0.018273, totNum = 1
ROUND = 546, SUM = 30575, bChange = 0.018273, totNum = 1
ROUND = 547, SUM = 30575, bChange = 0.018273, totNum = 1
ROUND = 548, SUM = 30575, bChange = 0.0182731, totNum = 1
ROUND = 549, SUM = 30575, bChange = 0.0182731, totNum = 1
ROUND = 550, SUM = 30575, bChange = 0.0182732, totNum = 1
ROUND = 551, SUM = 30575, bChange = 0.0182732, totNum = 1
ROUND = 552, SUM = 30575, bChange = 0.0182732, totNum = 1
ROUND = 553, SUM = 30575, bChange = 0.0182733, totNum = 1
ROUND = 554, SUM = 30575, bChange = 0.0182733, totNum = 1
ROUND = 555, SUM = 30575, bChange = 0.0182734, totNum = 1
ROUND = 556, SUM = 30575, bChange = 0.0182734, totNum = 1
ROUND = 557, SUM = 30575, bChange = 0.0182734, totNum = 1
ROUND = 558, SUM = 30575, bChange = 0.0182735, totNum = 1
ROUND = 559, SUM = 30575, bChange = 0.0182735, totNum = 1
ROUND = 560, SUM = 30575, bChange = 0.0182735, totNum = 1
ROUND = 561, SUM = 30575, bChange = 0.0182736, totNum = 1
ROUND = 562, SUM = 30575, bChange = 0.0182736, totNum = 1
ROUND = 563, SUM = 30575, bChange = 0.0182736, totNum = 1
ROUND = 564, SUM = 30575, bChange = 0.0182736, totNum = 1
ROUND = 565, SUM = 30575, bChange = 0.0182737, totNum = 1
ROUND = 566, SUM = 30575, bChange = 0.0182737, totNum = 1
ROUND = 567, SUM = 30575, bChange = 0.0182737, totNum = 1
ROUND = 568, SUM = 30575, bChange = 0.0182738, totNum = 1
ROUND = 569, SUM = 30575, bChange = 0.0182738, totNum = 1
ROUND = 570, SUM = 30575, bChange = 0.0182738, totNum = 1
ROUND = 571, SUM = 30575, bChange = 0.0182738, totNum = 1
ROUND = 572, SUM = 30575, bChange = 0.0182739, totNum = 1
ROUND = 573, SUM = 30575, bChange = 0.0182739, totNum = 1
ROUND = 574, SUM = 30575, bChange = 0.0182739, totNum = 1
ROUND = 575, SUM = 30575, bChange = 0.0182739, totNum = 1
ROUND = 576, SUM = 30575, bChange = 0.018274, totNum = 1
ROUND = 577, SUM = 30575, bChange = 0.018274, totNum = 1
ROUND = 578, SUM = 30575, bChange = 0.018274, totNum = 1
ROUND = 579, SUM = 30575, bChange = 0.018274, totNum = 1
ROUND = 580, SUM = 30575, bChange = 0.0182741, totNum = 1
ROUND = 581, SUM = 30575, bChange = 0.0182741, totNum = 1
ROUND = 582, SUM = 30575, bChange = 0.0182741, totNum = 1
ROUND = 583, SUM = 30575, bChange = 0.0182741, totNum = 1
ROUND = 584, SUM = 30575, bChange = 0.0182742, totNum = 1
ROUND = 585, SUM = 30575, bChange = 0.0182742, totNum = 1
ROUND = 586, SUM = 30575, bChange = 0.0182742, totNum = 1
ROUND = 587, SUM = 30575, bChange = 0.0182742, totNum = 1
ROUND = 588, SUM = 30575, bChange = 0.0182742, totNum = 1
ROUND = 589, SUM = 30575, bChange = 0.0182743, totNum = 1
ROUND = 590, SUM = 30575, bChange = 0.0182743, totNum = 1
ROUND = 591, SUM = 30575, bChange = 0.0182743, totNum = 1
ROUND = 592, SUM = 30575, bChange = 0.0182743, totNum = 1
ROUND = 593, SUM = 30575, bChange = 0.0182743, totNum = 1
ROUND = 594, SUM = 30575, bChange = 0.0182743, totNum = 1
ROUND = 595, SUM = 30575, bChange = 0.0182744, totNum = 1
ROUND = 596, SUM = 30575, bChange = 0.0182744, totNum = 1
ROUND = 597, SUM = 30575, bChange = 0.0182744, totNum = 1
ROUND = 598, SUM = 30575, bChange = 0.0182744, totNum = 1
ROUND = 599, SUM = 30575, bChange = 0.0182744, totNum = 1
ROUND = 600, SUM = 30575, bChange = 0.0182744, totNum = 1
ROUND = 601, SUM = 30575, bChange = 0.0182745, totNum = 1
ROUND = 602, SUM = 30575, bChange = 0.0182745, totNum = 1
ROUND = 603, SUM = 30575, bChange = 0.0182745, totNum = 1
ROUND = 604, SUM = 30575, bChange = 0.0182745, totNum = 1
ROUND = 605, SUM = 30575, bChange = 0.0182745, totNum = 1
ROUND = 606, SUM = 30575, bChange = 0.0182745, totNum = 1
ROUND = 607, SUM = 30575, bChange = 0.0182745, totNum = 1
ROUND = 608, SUM = 30575, bChange = 0.0182746, totNum = 1
ROUND = 609, SUM = 30575, bChange = 0.0182746, totNum = 1
ROUND = 610, SUM = 30575, bChange = 0.0182746, totNum = 1
ROUND = 611, SUM = 30575, bChange = 0.0182746, totNum = 1
ROUND = 612, SUM = 30575, bChange = 0.0182746, totNum = 1
ROUND = 613, SUM = 30575, bChange = 0.0182746, totNum = 1
ROUND = 614, SUM = 30575, bChange = 0.0182746, totNum = 1
ROUND = 615, SUM = 30575, bChange = 0.0182747, totNum = 1
ROUND = 616, SUM = 30575, bChange = 0.0182747, totNum = 1
ROUND = 617, SUM = 30575, bChange = 0.0182747, totNum = 1
ROUND = 618, SUM = 30575, bChange = 0.0182747, totNum = 1
ROUND = 619, SUM = 30575, bChange = 0.0182747, totNum = 1
ROUND = 620, SUM = 30575, bChange = 0.0182747, totNum = 1
ROUND = 621, SUM = 30575, bChange = 0.0182747, totNum = 1
ROUND = 622, SUM = 30575, bChange = 0.0182747, totNum = 1
ROUND = 623, SUM = 30575, bChange = 0.0182747, totNum = 1
ROUND = 624, SUM = 30575, bChange = 0.0182748, totNum = 1
ROUND = 625, SUM = 30575, bChange = 0.0182748, totNum = 1
ROUND = 626, SUM = 30575, bChange = 0.0182748, totNum = 1
ROUND = 627, SUM = 30575, bChange = 0.0182748, totNum = 1
ROUND = 628, SUM = 30575, bChange = 0.0182748, totNum = 1
ROUND = 629, SUM = 30575, bChange = 0.0182748, totNum = 1
ROUND = 630, SUM = 30575, bChange = 0.0182748, totNum = 1
ROUND = 631, SUM = 30575, bChange = 0.0182748, totNum = 1
ROUND = 632, SUM = 30575, bChange = 0.0182748, totNum = 1
ROUND = 633, SUM = 30575, bChange = 0.0182748, totNum = 1
ROUND = 634, SUM = 30575, bChange = 0.0182748, totNum = 1
ROUND = 635, SUM = 30575, bChange = 0.0182749, totNum = 1
ROUND = 636, SUM = 30575, bChange = 0.0182749, totNum = 1
ROUND = 637, SUM = 30575, bChange = 0.0182749, totNum = 1
ROUND = 638, SUM = 30575, bChange = 0.0182749, totNum = 1
ROUND = 639, SUM = 30575, bChange = 0.0182749, totNum = 1
ROUND = 640, SUM = 30575, bChange = 0.0182749, totNum = 1
ROUND = 641, SUM = 30575, bChange = 0.0182749, totNum = 1
ROUND = 642, SUM = 30575, bChange = 0.0182749, totNum = 1
ROUND = 643, SUM = 30575, bChange = 0.0182749, totNum = 1
ROUND = 644, SUM = 30575, bChange = 0.0182749, totNum = 1
ROUND = 645, SUM = 30575, bChange = 0.0182749, totNum = 1
ROUND = 646, SUM = 30575, bChange = 0.0182749, totNum = 1
ROUND = 647, SUM = 30575, bChange = 0.0182749, totNum = 1
ROUND = 648, SUM = 30575, bChange = 0.018275, totNum = 1
ROUND = 649, SUM = 30575, bChange = 0.018275, totNum = 1
ROUND = 650, SUM = 30575, bChange = 0.018275, totNum = 1
ROUND = 651, SUM = 30575, bChange = 0.018275, totNum = 1
ROUND = 652, SUM = 30575, bChange = 0.018275, totNum = 1
ROUND = 653, SUM = 30575, bChange = 0.018275, totNum = 1
ROUND = 654, SUM = 30575, bChange = 0.018275, totNum = 1
ROUND = 655, SUM = 30575, bChange = 0.018275, totNum = 1
ROUND = 656, SUM = 30575, bChange = 0.018275, totNum = 1
ROUND = 657, SUM = 30575, bChange = 0.018275, totNum = 1
ROUND = 658, SUM = 30575, bChange = 0.018275, totNum = 1
ROUND = 659, SUM = 30575, bChange = 0.018275, totNum = 1
ROUND = 660, SUM = 30575, bChange = 0.018275, totNum = 1
ROUND = 661, SUM = 30575, bChange = 0.018275, totNum = 1
ROUND = 662, SUM = 30575, bChange = 0.018275, totNum = 1
ROUND = 663, SUM = 30575, bChange = 0.018275, totNum = 1
ROUND = 664, SUM = 30575, bChange = 0.018275, totNum = 1
ROUND = 665, SUM = 30575, bChange = 0.018275, totNum = 1
ROUND = 666, SUM = 30575, bChange = 0.0182751, totNum = 1
ROUND = 667, SUM = 30575, bChange = 0.0182751, totNum = 1
ROUND = 668, SUM = 30575, bChange = 0.0182751, totNum = 1
ROUND = 669, SUM = 30575, bChange = 0.0182751, totNum = 1
ROUND = 670, SUM = 30575, bChange = 0.0182751, totNum = 1
ROUND = 671, SUM = 30575, bChange = 0.0182751, totNum = 1
ROUND = 672, SUM = 30575, bChange = 0.0182751, totNum = 1
ROUND = 673, SUM = 30575, bChange = 0.0182751, totNum = 1
ROUND = 674, SUM = 30575, bChange = 0.0182751, totNum = 1
ROUND = 675, SUM = 30575, bChange = 0.0182751, totNum = 1
ROUND = 676, SUM = 30575, bChange = 0.0182751, totNum = 1
ROUND = 677, SUM = 30575, bChange = 0.0182751, totNum = 1
ROUND = 678, SUM = 30575, bChange = 0.0182751, totNum = 1
ROUND = 679, SUM = 30575, bChange = 0.0182751, totNum = 1
ROUND = 680, SUM = 30575, bChange = 0.0182751, totNum = 1
ROUND = 681, SUM = 30575, bChange = 0.0182751, totNum = 1
ROUND = 682, SUM = 30575, bChange = 0.0182751, totNum = 1
ROUND = 683, SUM = 30575, bChange = 3.37556e-05, totNum = 0
Expression Results are written!
Calculating assembly priors.
Assembly priors are calculated!
Calculating maximum data likelihood in log space.
Maximum data likelihood is calculated!
Calculating data likelihood in log space.
Data likelihood is calculated!
Calculating correction score.
Correction score is calculated!
Time Used for EM.cpp : 0 h 00 m 02 s

rm -rf /Users/jordi/code/linux/bin/rnaSeq/src/rsemEvalPE/main/rsemEvalPEOut/trinityOut1.temp

